# JRE version: OpenJDK Runtime Environment Temurin-21.0.4+7 (21.0.4+7) (build 21.0.4+7-LTS)
# Java VM: OpenJDK 64-Bit Server VM Temurin-21.0.4+7 (21.0.4+7-LTS, mixed mode, emulated-client, tiered, compressed oops, compressed class ptrs, g1 gc, windows-amd64)
GC Precious Log:
 CardTable entry size: 512
 Card Set container configuration: InlinePtr #cards 5 size 8 Array Of Cards #cards 12 size 40 Howl #buckets 4 coarsen threshold 1843 Howl Bitmap #cards 512 size 80 coarsen threshold 460 Card regions per heap region 1 cards per card region 2048
 CPUs: 8 total, 8 available
 Memory: 7976M
 Large Page Support: Disabled
 NUMA Support: Disabled
 Compressed Oops: Enabled (32-bit)
 Heap Region Size: 1M
 Heap Min Capacity: 8M
 Heap Initial Capacity: 126M
 Heap Max Capacity: 1996M
 Pre-touch: Disabled
 Parallel Workers: 8
 Concurrent Workers: 2
 Concurrent Refinement Workers: 8
 Periodic GC: Disabled
Heap:
 garbage-first heap   total 58368K, used 38115K [0x0000000083400000, 0x0000000100000000)
  region size 1024K, 12 young (12288K), 2 survivors (2048K)
 Metaspace       used 78160K, committed 79296K, reserved 1179648K
  class space    used 10477K, committed 10944K, reserved 1048576K
GC Heap History (20 events):
Event: 113916.206 GC heap before
{Heap before GC invocations=43 (full 0):
 garbage-first heap   total 58368K, used 50796K [0x0000000083400000, 0x0000000100000000)
  region size 1024K, 23 young (23552K), 2 survivors (2048K)
 Metaspace       used 78114K, committed 79296K, reserved 1179648K
  class space    used 10467K, committed 10944K, reserved 1048576K
}
Event: 113916.211 GC heap after
{Heap after GC invocations=44 (full 0):
 garbage-first heap   total 58368K, used 31227K [0x0000000083400000, 0x0000000100000000)
  region size 1024K, 2 young (2048K), 2 survivors (2048K)
 Metaspace       used 78114K, committed 79296K, reserved 1179648K
  class space    used 10467K, committed 10944K, reserved 1048576K
}
Event: 120968.259 GC heap before
{Heap before GC invocations=45 (full 0):
 garbage-first heap   total 58368K, used 50683K [0x0000000083400000, 0x0000000100000000)
  region size 1024K, 22 young (22528K), 2 survivors (2048K)
 Metaspace       used 78114K, committed 79296K, reserved 1179648K
  class space    used 10467K, committed 10944K, reserved 1048576K
}
Event: 120968.267 GC heap after
{Heap after GC invocations=46 (full 0):
 garbage-first heap   total 58368K, used 31672K [0x0000000083400000, 0x0000000100000000)
  region size 1024K, 2 young (2048K), 2 survivors (2048K)
 Metaspace       used 78114K, committed 79296K, reserved 1179648K
  class space    used 10467K, committed 10944K, reserved 1048576K
}
Event: 127388.360 GC heap before
{Heap before GC invocations=46 (full 0):
 garbage-first heap   total 58368K, used 50104K [0x0000000083400000, 0x0000000100000000)
  region size 1024K, 21 young (21504K), 2 survivors (2048K)
 Metaspace       used 78114K, committed 79296K, reserved 1179648K
  class space    used 10467K, committed 10944K, reserved 1048576K
}
Event: 127388.373 GC heap after
{Heap after GC invocations=47 (full 0):
 garbage-first heap   total 58368K, used 30362K [0x0000000083400000, 0x0000000100000000)
  region size 1024K, 2 young (2048K), 2 survivors (2048K)
 Metaspace       used 78114K, committed 79296K, reserved 1179648K
  class space    used 10467K, committed 10944K, reserved 1048576K
}
Event: 138177.587 GC heap before
{Heap before GC invocations=47 (full 0):
 garbage-first heap   total 58368K, used 50842K [0x0000000083400000, 0x0000000100000000)
  region size 1024K, 23 young (23552K), 2 survivors (2048K)
 Metaspace       used 78114K, committed 79296K, reserved 1179648K
  class space    used 10467K, committed 10944K, reserved 1048576K
}
Event: 138177.709 GC heap after
{Heap after GC invocations=48 (full 0):
 garbage-first heap   total 58368K, used 30713K [0x0000000083400000, 0x0000000100000000)
  region size 1024K, 3 young (3072K), 3 survivors (3072K)
 Metaspace       used 78114K, committed 79296K, reserved 1179648K
  class space    used 10467K, committed 10944K, reserved 1048576K
}
Event: 146318.142 GC heap before
{Heap before GC invocations=49 (full 0):
 garbage-first heap   total 58368K, used 49145K [0x0000000083400000, 0x0000000100000000)
  region size 1024K, 22 young (22528K), 3 survivors (3072K)
 Metaspace       used 78114K, committed 79296K, reserved 1179648K
  class space    used 10467K, committed 10944K, reserved 1048576K
}
Event: 146318.161 GC heap after
{Heap after GC invocations=50 (full 0):
 garbage-first heap   total 58368K, used 31102K [0x0000000083400000, 0x0000000100000000)
  region size 1024K, 2 young (2048K), 2 survivors (2048K)
 Metaspace       used 78114K, committed 79296K, reserved 1179648K
  class space    used 10467K, committed 10944K, reserved 1048576K
}
Event: 153429.402 GC heap before
{Heap before GC invocations=50 (full 0):
 garbage-first heap   total 58368K, used 50558K [0x0000000083400000, 0x0000000100000000)
  region size 1024K, 22 young (22528K), 2 survivors (2048K)
 Metaspace       used 78114K, committed 79296K, reserved 1179648K
  class space    used 10467K, committed 10944K, reserved 1048576K
}
Event: 153429.458 GC heap after
{Heap after GC invocations=51 (full 0):
 garbage-first heap   total 58368K, used 30185K [0x0000000083400000, 0x0000000100000000)
  region size 1024K, 2 young (2048K), 2 survivors (2048K)
 Metaspace       used 78114K, committed 79296K, reserved 1179648K
  class space    used 10467K, committed 10944K, reserved 1048576K
}
Event: 160559.792 GC heap before
{Heap before GC invocations=51 (full 0):
 garbage-first heap   total 58368K, used 50665K [0x0000000083400000, 0x0000000100000000)
  region size 1024K, 23 young (23552K), 2 survivors (2048K)
 Metaspace       used 78114K, committed 79296K, reserved 1179648K
  class space    used 10467K, committed 10944K, reserved 1048576K
}
Event: 160559.867 GC heap after
{Heap after GC invocations=52 (full 0):
 garbage-first heap   total 58368K, used 30834K [0x0000000083400000, 0x0000000100000000)
  region size 1024K, 2 young (2048K), 2 survivors (2048K)
 Metaspace       used 78114K, committed 79296K, reserved 1179648K
  class space    used 10467K, committed 10944K, reserved 1048576K
}
Event: 167640.392 GC heap before
{Heap before GC invocations=53 (full 0):
 garbage-first heap   total 58368K, used 50290K [0x0000000083400000, 0x0000000100000000)
  region size 1024K, 22 young (22528K), 2 survivors (2048K)
 Metaspace       used 78114K, committed 79296K, reserved 1179648K
  class space    used 10467K, committed 10944K, reserved 1048576K
}
Event: 167640.470 GC heap after
{Heap after GC invocations=54 (full 0):
 garbage-first heap   total 58368K, used 31426K [0x0000000083400000, 0x0000000100000000)
  region size 1024K, 2 young (2048K), 2 survivors (2048K)
 Metaspace       used 78114K, committed 79296K, reserved 1179648K
  class space    used 10467K, committed 10944K, reserved 1048576K
}
Event: 174732.134 GC heap before
{Heap before GC invocations=54 (full 0):
 garbage-first heap   total 58368K, used 50882K [0x0000000083400000, 0x0000000100000000)
  region size 1024K, 22 young (22528K), 2 survivors (2048K)
 Metaspace       used 78114K, committed 79296K, reserved 1179648K
  class space    used 10467K, committed 10944K, reserved 1048576K
}
Event: 174732.238 GC heap after
{Heap after GC invocations=55 (full 0):
 garbage-first heap   total 58368K, used 29403K [0x0000000083400000, 0x0000000100000000)
  region size 1024K, 2 young (2048K), 2 survivors (2048K)
 Metaspace       used 78114K, committed 79296K, reserved 1179648K
  class space    used 10467K, committed 10944K, reserved 1048576K
}
Event: 181844.846 GC heap before
{Heap before GC invocations=55 (full 0):
 garbage-first heap   total 58368K, used 50907K [0x0000000083400000, 0x0000000100000000)
  region size 1024K, 24 young (24576K), 2 survivors (2048K)
 Metaspace       used 78114K, committed 79296K, reserved 1179648K
  class space    used 10467K, committed 10944K, reserved 1048576K
}
Event: 181844.909 GC heap after
{Heap after GC invocations=56 (full 0):
 garbage-first heap   total 58368K, used 29923K [0x0000000083400000, 0x0000000100000000)
  region size 1024K, 2 young (2048K), 2 survivors (2048K)
 Metaspace       used 78114K, committed 79296K, reserved 1179648K
  class space    used 10467K, committed 10944K, reserved 1048576K
}

